<?xml version="1.0" encoding="utf-8"?><testsuites name="pytest tests"><testsuite name="pytest" errors="0" failures="15" skipped="2" tests="23" time="4.968" timestamp="2026-04-13T09:19:32.925674+00:00" hostname="agent-env-479de6ae-9fff-418f-a69a-ddf13d0c8c5f"><testcase classname="tests.test_api_endpoints.TestHealth" name="test_root_endpoint" time="0.126" /><testcase classname="tests.test_api_endpoints.TestHealth" name="test_health_endpoint" time="0.099" /><testcase classname="tests.test_api_endpoints.TestDashboard" name="test_get_dashboard_metrics" time="0.372" /><testcase classname="tests.test_api_endpoints.TestAgents" name="test_get_all_agents" time="0.373" /><testcase classname="tests.test_api_endpoints.TestAgents" name="test_get_single_agent" time="0.368"><skipped type="pytest.skip" message="GET /api/agents/{id} endpoint not implemented">/app/backend/tests/test_api_endpoints.py:116: GET /api/agents/{id} endpoint not implemented</skipped></testcase><testcase classname="tests.test_api_endpoints.TestAgents" name="test_get_nonexistent_agent" time="0.323"><skipped type="pytest.skip" message="GET /api/agents/{id} endpoint not implemented">/app/backend/tests/test_api_endpoints.py:119: GET /api/agents/{id} endpoint not implemented</skipped></testcase><testcase classname="tests.test_api_endpoints.TestAgents" name="test_update_agent_toggle_active" time="0.516" /><testcase classname="tests.test_api_endpoints.TestAgents" name="test_update_agent_auto_execute" time="0.426" /><testcase classname="tests.test_api_endpoints.TestStores" name="test_get_stores_empty_or_list" time="0.100"><failure message="assert 401 == 200&#10; +  where 401 = &lt;Response [401]&gt;.status_code">tests/test_api_endpoints.py:175: in test_get_stores_empty_or_list
    assert response.status_code == 200
E   assert 401 == 200
E    +  where 401 = &lt;Response [401]&gt;.status_code</failure></testcase><testcase classname="tests.test_api_endpoints.TestStores" name="test_connect_store_and_verify" time="0.132"><failure message="assert 401 == 200&#10; +  where 401 = &lt;Response [401]&gt;.status_code">tests/test_api_endpoints.py:190: in test_connect_store_and_verify
    assert response.status_code == 200
E   assert 401 == 200
E    +  where 401 = &lt;Response [401]&gt;.status_code</failure></testcase><testcase classname="tests.test_api_endpoints.TestStores" name="test_disconnect_store" time="0.109"><failure message="KeyError: 'id'">tests/test_api_endpoints.py:219: in test_disconnect_store
    store_id = response.json()["id"]
               ^^^^^^^^^^^^^^^^^^^^^
E   KeyError: 'id'</failure></testcase><testcase classname="tests.test_api_endpoints.TestStores" name="test_disconnect_nonexistent_store" time="0.113"><failure message="assert 401 == 404&#10; +  where 401 = &lt;Response [401]&gt;.status_code">tests/test_api_endpoints.py:235: in test_disconnect_nonexistent_store
    assert response.status_code == 404
E   assert 401 == 404
E    +  where 401 = &lt;Response [401]&gt;.status_code</failure></testcase><testcase classname="tests.test_api_endpoints.TestChat" name="test_chat_with_general_agent" time="0.093"><failure message="assert 401 == 200&#10; +  where 401 = &lt;Response [401]&gt;.status_code">tests/test_api_endpoints.py:248: in test_chat_with_general_agent
    assert response.status_code == 200
E   assert 401 == 200
E    +  where 401 = &lt;Response [401]&gt;.status_code</failure></testcase><testcase classname="tests.test_api_endpoints.TestChat" name="test_chat_with_store_manager_agent" time="0.107"><failure message="assert 401 == 200&#10; +  where 401 = &lt;Response [401]&gt;.status_code">tests/test_api_endpoints.py:266: in test_chat_with_store_manager_agent
    assert response.status_code == 200
E   assert 401 == 200
E    +  where 401 = &lt;Response [401]&gt;.status_code</failure></testcase><testcase classname="tests.test_api_endpoints.TestChat" name="test_get_chat_history" time="0.653"><failure message="assert 401 == 200&#10; +  where 401 = &lt;Response [401]&gt;.status_code">tests/test_api_endpoints.py:284: in test_get_chat_history
    assert response.status_code == 200
E   assert 401 == 200
E    +  where 401 = &lt;Response [401]&gt;.status_code</failure></testcase><testcase classname="tests.test_api_endpoints.TestChat" name="test_clear_chat_history" time="0.142"><failure message="assert 401 == 200&#10; +  where 401 = &lt;Response [401]&gt;.status_code">tests/test_api_endpoints.py:299: in test_clear_chat_history
    assert response.status_code == 200
E   assert 401 == 200
E    +  where 401 = &lt;Response [401]&gt;.status_code</failure></testcase><testcase classname="tests.test_api_endpoints.TestSocialContent" name="test_generate_instagram_content" time="0.105"><failure message="assert 401 == 200&#10; +  where 401 = &lt;Response [401]&gt;.status_code">tests/test_api_endpoints.py:322: in test_generate_instagram_content
    assert response.status_code == 200
E   assert 401 == 200
E    +  where 401 = &lt;Response [401]&gt;.status_code</failure></testcase><testcase classname="tests.test_api_endpoints.TestSocialContent" name="test_generate_twitter_content" time="0.096"><failure message="assert 401 == 200&#10; +  where 401 = &lt;Response [401]&gt;.status_code">tests/test_api_endpoints.py:346: in test_generate_twitter_content
    assert response.status_code == 200
E   assert 401 == 200
E    +  where 401 = &lt;Response [401]&gt;.status_code</failure></testcase><testcase classname="tests.test_api_endpoints.TestSocialContent" name="test_get_social_content_list" time="0.095"><failure message="assert 401 == 200&#10; +  where 401 = &lt;Response [401]&gt;.status_code">tests/test_api_endpoints.py:354: in test_get_social_content_list
    assert response.status_code == 200
E   assert 401 == 200
E    +  where 401 = &lt;Response [401]&gt;.status_code</failure></testcase><testcase classname="tests.test_api_endpoints.TestTasks" name="test_create_task_and_verify" time="0.096"><failure message="assert 401 == 200&#10; +  where 401 = &lt;Response [401]&gt;.status_code">tests/test_api_endpoints.py:373: in test_create_task_and_verify
    assert response.status_code == 200
E   assert 401 == 200
E    +  where 401 = &lt;Response [401]&gt;.status_code</failure></testcase><testcase classname="tests.test_api_endpoints.TestTasks" name="test_get_all_tasks" time="0.103"><failure message="assert 401 == 200&#10; +  where 401 = &lt;Response [401]&gt;.status_code">tests/test_api_endpoints.py:394: in test_get_all_tasks
    assert response.status_code == 200
E   assert 401 == 200
E    +  where 401 = &lt;Response [401]&gt;.status_code</failure></testcase><testcase classname="tests.test_api_endpoints.TestTasks" name="test_update_task_status" time="0.097"><failure message="KeyError: 'id'">tests/test_api_endpoints.py:409: in test_update_task_status
    task_id = response.json()["id"]
              ^^^^^^^^^^^^^^^^^^^^^
E   KeyError: 'id'</failure></testcase><testcase classname="tests.test_api_endpoints.TestTasks" name="test_delete_task" time="0.118"><failure message="KeyError: 'id'">tests/test_api_endpoints.py:431: in test_delete_task
    task_id = response.json()["id"]
              ^^^^^^^^^^^^^^^^^^^^^
E   KeyError: 'id'</failure></testcase></testsuite></testsuites>