<?xml version="1.0" encoding="utf-8"?><testsuites name="pytest tests"><testsuite name="pytest" errors="0" failures="1" skipped="0" tests="25" time="7.653" timestamp="2026-04-13T07:15:04.976964+00:00" hostname="agent-env-479de6ae-9fff-418f-a69a-ddf13d0c8c5f"><testcase classname="tests.test_auth.TestPublicEndpoints" name="test_root_endpoint_public" time="0.121" /><testcase classname="tests.test_auth.TestPublicEndpoints" name="test_health_endpoint_public" time="0.106" /><testcase classname="tests.test_auth.TestRegistration" name="test_register_new_user_success" time="0.323" /><testcase classname="tests.test_auth.TestRegistration" name="test_register_duplicate_email" time="0.130" /><testcase classname="tests.test_auth.TestRegistration" name="test_register_invalid_password_too_short" time="0.107" /><testcase classname="tests.test_auth.TestRegistration" name="test_register_missing_fields" time="0.101" /><testcase classname="tests.test_auth.TestRegistration" name="test_new_user_gets_4_agents" time="0.392" /><testcase classname="tests.test_auth.TestLogin" name="test_login_admin_success" time="0.336" /><testcase classname="tests.test_auth.TestLogin" name="test_login_wrong_password" time="0.322" /><testcase classname="tests.test_auth.TestLogin" name="test_login_nonexistent_user" time="0.112" /><testcase classname="tests.test_auth.TestLogin" name="test_login_case_insensitive_email" time="0.332" /><testcase classname="tests.test_auth.TestBruteForceProtection" name="test_brute_force_lockout" time="1.994"><failure message="assert 401 == 429&#10; +  where 401 = &lt;Response [401]&gt;.status_code">tests/test_auth.py:206: in test_brute_force_lockout
    assert response.status_code == 429
E   assert 401 == 429
E    +  where 401 = &lt;Response [401]&gt;.status_code</failure></testcase><testcase classname="tests.test_auth.TestAuthMe" name="test_auth_me_with_valid_token" time="0.370" /><testcase classname="tests.test_auth.TestAuthMe" name="test_auth_me_without_token" time="0.099" /><testcase classname="tests.test_auth.TestAuthMe" name="test_auth_me_with_invalid_token" time="0.112" /><testcase classname="tests.test_auth.TestProtectedEndpoints" name="test_dashboard_requires_auth" time="0.108" /><testcase classname="tests.test_auth.TestProtectedEndpoints" name="test_agents_requires_auth" time="0.153" /><testcase classname="tests.test_auth.TestProtectedEndpoints" name="test_stores_requires_auth" time="0.120" /><testcase classname="tests.test_auth.TestProtectedEndpoints" name="test_chat_requires_auth" time="0.107" /><testcase classname="tests.test_auth.TestProtectedEndpoints" name="test_social_content_requires_auth" time="0.093" /><testcase classname="tests.test_auth.TestProtectedEndpoints" name="test_tasks_requires_auth" time="0.111" /><testcase classname="tests.test_auth.TestProtectedEndpoints" name="test_protected_endpoints_work_with_token" time="0.499" /><testcase classname="tests.test_auth.TestLogout" name="test_logout_clears_cookies" time="0.374" /><testcase classname="tests.test_auth.TestBcryptHashFormat" name="test_bcrypt_hash_format" time="0.878" /><testcase classname="tests.test_auth.TestRefreshToken" name="test_refresh_token_endpoint_exists" time="0.109" /></testsuite></testsuites>