<?xml version="1.0" encoding="utf-8"?><testsuites name="pytest tests"><testsuite name="pytest" errors="0" failures="2" skipped="0" tests="27" time="9.721" timestamp="2026-04-13T09:05:33.123307+00:00" hostname="agent-env-479de6ae-9fff-418f-a69a-ddf13d0c8c5f"><testcase classname="tests.test_auth.TestPublicEndpoints" name="test_root_endpoint_public" time="0.208" /><testcase classname="tests.test_auth.TestPublicEndpoints" name="test_health_endpoint_public" time="0.147" /><testcase classname="tests.test_auth.TestRegistration" name="test_register_new_user_success" time="0.372" /><testcase classname="tests.test_auth.TestRegistration" name="test_register_duplicate_email" time="0.153" /><testcase classname="tests.test_auth.TestRegistration" name="test_register_invalid_password_too_short" time="0.099" /><testcase classname="tests.test_auth.TestRegistration" name="test_register_missing_fields" time="0.131" /><testcase classname="tests.test_auth.TestRegistration" name="test_new_user_gets_4_agents" time="0.400" /><testcase classname="tests.test_auth.TestLogin" name="test_login_admin_success" time="0.329" /><testcase classname="tests.test_auth.TestLogin" name="test_login_wrong_password" time="0.324" /><testcase classname="tests.test_auth.TestLogin" name="test_login_nonexistent_user" time="0.096" /><testcase classname="tests.test_auth.TestLogin" name="test_login_case_insensitive_email" time="0.325" /><testcase classname="tests.test_auth.TestBruteForceProtection" name="test_brute_force_lockout" time="2.580"><failure message="assert 401 == 429&#10; +  where 401 = &lt;Response [401]&gt;.status_code">tests/test_auth.py:203: in test_brute_force_lockout
    assert response.status_code == 429
E   assert 401 == 429
E    +  where 401 = &lt;Response [401]&gt;.status_code</failure></testcase><testcase classname="tests.test_auth.TestAuthMe" name="test_auth_me_with_valid_token" time="0.523" /><testcase classname="tests.test_auth.TestAuthMe" name="test_auth_me_without_token" time="0.096" /><testcase classname="tests.test_auth.TestAuthMe" name="test_auth_me_with_invalid_token" time="0.095" /><testcase classname="tests.test_auth.TestProtectedEndpoints" name="test_dashboard_requires_auth" time="0.099" /><testcase classname="tests.test_auth.TestProtectedEndpoints" name="test_agents_requires_auth" time="0.092" /><testcase classname="tests.test_auth.TestProtectedEndpoints" name="test_stores_requires_auth" time="0.103" /><testcase classname="tests.test_auth.TestProtectedEndpoints" name="test_chat_requires_auth" time="0.098" /><testcase classname="tests.test_auth.TestProtectedEndpoints" name="test_social_content_requires_auth" time="0.109" /><testcase classname="tests.test_auth.TestProtectedEndpoints" name="test_tasks_requires_auth" time="0.139" /><testcase classname="tests.test_auth.TestProtectedEndpoints" name="test_protected_endpoints_work_with_token" time="0.547" /><testcase classname="tests.test_auth.TestLogout" name="test_logout_clears_cookies" time="0.460" /><testcase classname="tests.test_auth.TestBcryptHashFormat" name="test_bcrypt_hash_format" time="1.018" /><testcase classname="tests.test_auth.TestRefreshToken" name="test_refresh_token_endpoint_exists" time="0.099" /><testcase classname="tests.test_auth.TestTrialFeature" name="test_register_sets_trial_ends_at" time="0.501" /><testcase classname="tests.test_auth.TestTrialFeature" name="test_auth_me_returns_plan_and_trial" time="0.447"><failure message="assert 200 == 401&#10; +  where 200 = &lt;Response [200]&gt;.status_code">tests/test_auth.py:430: in test_auth_me_returns_plan_and_trial
    assert response.status_code == 401
E   assert 200 == 401
E    +  where 200 = &lt;Response [200]&gt;.status_code</failure></testcase></testsuite></testsuites>