<?xml version="1.0" encoding="utf-8"?><testsuites name="pytest tests"><testsuite name="pytest" errors="0" failures="23" skipped="0" tests="50" time="11.618" timestamp="2026-04-13T07:28:37.819317+00:00" hostname="agent-env-479de6ae-9fff-418f-a69a-ddf13d0c8c5f"><testcase classname="tests.test_auth.TestPublicEndpoints" name="test_root_endpoint_public" time="0.219" /><testcase classname="tests.test_auth.TestPublicEndpoints" name="test_health_endpoint_public" time="0.136" /><testcase classname="tests.test_auth.TestRegistration" name="test_register_new_user_success" time="0.326" /><testcase classname="tests.test_auth.TestRegistration" name="test_register_duplicate_email" time="0.133" /><testcase classname="tests.test_auth.TestRegistration" name="test_register_invalid_password_too_short" time="0.101" /><testcase classname="tests.test_auth.TestRegistration" name="test_register_missing_fields" time="0.108" /><testcase classname="tests.test_auth.TestRegistration" name="test_new_user_gets_4_agents" time="0.406" /><testcase classname="tests.test_auth.TestLogin" name="test_login_admin_success" time="0.327" /><testcase classname="tests.test_auth.TestLogin" name="test_login_wrong_password" time="0.328" /><testcase classname="tests.test_auth.TestLogin" name="test_login_nonexistent_user" time="0.106" /><testcase classname="tests.test_auth.TestLogin" name="test_login_case_insensitive_email" time="0.345" /><testcase classname="tests.test_auth.TestBruteForceProtection" name="test_brute_force_lockout" time="1.964"><failure message="assert 401 == 429&#10; +  where 401 = &lt;Response [401]&gt;.status_code">tests/test_auth.py:203: in test_brute_force_lockout
    assert response.status_code == 429
E   assert 401 == 429
E    +  where 401 = &lt;Response [401]&gt;.status_code</failure></testcase><testcase classname="tests.test_auth.TestAuthMe" name="test_auth_me_with_valid_token" time="0.399" /><testcase classname="tests.test_auth.TestAuthMe" name="test_auth_me_without_token" time="0.102" /><testcase classname="tests.test_auth.TestAuthMe" name="test_auth_me_with_invalid_token" time="0.145" /><testcase classname="tests.test_auth.TestProtectedEndpoints" name="test_dashboard_requires_auth" time="0.128" /><testcase classname="tests.test_auth.TestProtectedEndpoints" name="test_agents_requires_auth" time="0.100" /><testcase classname="tests.test_auth.TestProtectedEndpoints" name="test_stores_requires_auth" time="0.095" /><testcase classname="tests.test_auth.TestProtectedEndpoints" name="test_chat_requires_auth" time="0.097" /><testcase classname="tests.test_auth.TestProtectedEndpoints" name="test_social_content_requires_auth" time="0.095" /><testcase classname="tests.test_auth.TestProtectedEndpoints" name="test_tasks_requires_auth" time="0.141" /><testcase classname="tests.test_auth.TestProtectedEndpoints" name="test_protected_endpoints_work_with_token" time="0.512" /><testcase classname="tests.test_auth.TestLogout" name="test_logout_clears_cookies" time="0.371" /><testcase classname="tests.test_auth.TestBcryptHashFormat" name="test_bcrypt_hash_format" time="0.855" /><testcase classname="tests.test_auth.TestRefreshToken" name="test_refresh_token_endpoint_exists" time="0.111" /><testcase classname="tests.test_auth.TestTrialFeature" name="test_register_sets_trial_ends_at" time="0.382" /><testcase classname="tests.test_auth.TestTrialFeature" name="test_auth_me_returns_plan_and_trial" time="0.381"><failure message="assert 200 == 401&#10; +  where 200 = &lt;Response [200]&gt;.status_code">tests/test_auth.py:430: in test_auth_me_returns_plan_and_trial
    assert response.status_code == 401
E   assert 200 == 401
E    +  where 200 = &lt;Response [200]&gt;.status_code</failure></testcase><testcase classname="tests.test_api_endpoints.TestHealth" name="test_root_endpoint" time="0.093" /><testcase classname="tests.test_api_endpoints.TestHealth" name="test_health_endpoint" time="0.101" /><testcase classname="tests.test_api_endpoints.TestDashboard" name="test_get_dashboard_metrics" time="0.099"><failure message="assert 401 == 200&#10; +  where 401 = &lt;Response [401]&gt;.status_code">tests/test_api_endpoints.py:45: in test_get_dashboard_metrics
    assert response.status_code == 200
E   assert 401 == 200
E    +  where 401 = &lt;Response [401]&gt;.status_code</failure></testcase><testcase classname="tests.test_api_endpoints.TestAgents" name="test_get_all_agents" time="0.093"><failure message="assert 401 == 200&#10; +  where 401 = &lt;Response [401]&gt;.status_code">tests/test_api_endpoints.py:75: in test_get_all_agents
    assert response.status_code == 200
E   assert 401 == 200
E    +  where 401 = &lt;Response [401]&gt;.status_code</failure></testcase><testcase classname="tests.test_api_endpoints.TestAgents" name="test_get_single_agent" time="0.096"><failure message="KeyError: 0">tests/test_api_endpoints.py:102: in test_get_single_agent
    agent_id = agents[0]["id"]
               ^^^^^^^^^
E   KeyError: 0</failure></testcase><testcase classname="tests.test_api_endpoints.TestAgents" name="test_get_nonexistent_agent" time="0.095"><failure message="assert 405 == 404&#10; +  where 405 = &lt;Response [405]&gt;.status_code">tests/test_api_endpoints.py:113: in test_get_nonexistent_agent
    assert response.status_code == 404
E   assert 405 == 404
E    +  where 405 = &lt;Response [405]&gt;.status_code</failure></testcase><testcase classname="tests.test_api_endpoints.TestAgents" name="test_update_agent_toggle_active" time="0.098"><failure message="KeyError: 0">tests/test_api_endpoints.py:119: in test_update_agent_toggle_active
    agent = agents[0]
            ^^^^^^^^^
E   KeyError: 0</failure></testcase><testcase classname="tests.test_api_endpoints.TestAgents" name="test_update_agent_auto_execute" time="0.096"><failure message="KeyError: 0">tests/test_api_endpoints.py:148: in test_update_agent_auto_execute
    agent_id = agents[0]["id"]
               ^^^^^^^^^
E   KeyError: 0</failure></testcase><testcase classname="tests.test_api_endpoints.TestStores" name="test_get_stores_empty_or_list" time="0.099"><failure message="assert 401 == 200&#10; +  where 401 = &lt;Response [401]&gt;.status_code">tests/test_api_endpoints.py:165: in test_get_stores_empty_or_list
    assert response.status_code == 200
E   assert 401 == 200
E    +  where 401 = &lt;Response [401]&gt;.status_code</failure></testcase><testcase classname="tests.test_api_endpoints.TestStores" name="test_connect_store_and_verify" time="0.100"><failure message="assert 401 == 200&#10; +  where 401 = &lt;Response [401]&gt;.status_code">tests/test_api_endpoints.py:180: in test_connect_store_and_verify
    assert response.status_code == 200
E   assert 401 == 200
E    +  where 401 = &lt;Response [401]&gt;.status_code</failure></testcase><testcase classname="tests.test_api_endpoints.TestStores" name="test_disconnect_store" time="0.094"><failure message="KeyError: 'id'">tests/test_api_endpoints.py:209: in test_disconnect_store
    store_id = response.json()["id"]
               ^^^^^^^^^^^^^^^^^^^^^
E   KeyError: 'id'</failure></testcase><testcase classname="tests.test_api_endpoints.TestStores" name="test_disconnect_nonexistent_store" time="0.094"><failure message="assert 401 == 404&#10; +  where 401 = &lt;Response [401]&gt;.status_code">tests/test_api_endpoints.py:225: in test_disconnect_nonexistent_store
    assert response.status_code == 404
E   assert 401 == 404
E    +  where 401 = &lt;Response [401]&gt;.status_code</failure></testcase><testcase classname="tests.test_api_endpoints.TestChat" name="test_chat_with_general_agent" time="0.097"><failure message="assert 401 == 200&#10; +  where 401 = &lt;Response [401]&gt;.status_code">tests/test_api_endpoints.py:238: in test_chat_with_general_agent
    assert response.status_code == 200
E   assert 401 == 200
E    +  where 401 = &lt;Response [401]&gt;.status_code</failure></testcase><testcase classname="tests.test_api_endpoints.TestChat" name="test_chat_with_store_manager_agent" time="0.096"><failure message="assert 401 == 200&#10; +  where 401 = &lt;Response [401]&gt;.status_code">tests/test_api_endpoints.py:256: in test_chat_with_store_manager_agent
    assert response.status_code == 200
E   assert 401 == 200
E    +  where 401 = &lt;Response [401]&gt;.status_code</failure></testcase><testcase classname="tests.test_api_endpoints.TestChat" name="test_get_chat_history" time="0.643"><failure message="assert 401 == 200&#10; +  where 401 = &lt;Response [401]&gt;.status_code">tests/test_api_endpoints.py:274: in test_get_chat_history
    assert response.status_code == 200
E   assert 401 == 200
E    +  where 401 = &lt;Response [401]&gt;.status_code</failure></testcase><testcase classname="tests.test_api_endpoints.TestChat" name="test_clear_chat_history" time="0.160"><failure message="assert 401 == 200&#10; +  where 401 = &lt;Response [401]&gt;.status_code">tests/test_api_endpoints.py:289: in test_clear_chat_history
    assert response.status_code == 200
E   assert 401 == 200
E    +  where 401 = &lt;Response [401]&gt;.status_code</failure></testcase><testcase classname="tests.test_api_endpoints.TestSocialContent" name="test_generate_instagram_content" time="0.103"><failure message="assert 401 == 200&#10; +  where 401 = &lt;Response [401]&gt;.status_code">tests/test_api_endpoints.py:312: in test_generate_instagram_content
    assert response.status_code == 200
E   assert 401 == 200
E    +  where 401 = &lt;Response [401]&gt;.status_code</failure></testcase><testcase classname="tests.test_api_endpoints.TestSocialContent" name="test_generate_twitter_content" time="0.099"><failure message="assert 401 == 200&#10; +  where 401 = &lt;Response [401]&gt;.status_code">tests/test_api_endpoints.py:336: in test_generate_twitter_content
    assert response.status_code == 200
E   assert 401 == 200
E    +  where 401 = &lt;Response [401]&gt;.status_code</failure></testcase><testcase classname="tests.test_api_endpoints.TestSocialContent" name="test_get_social_content_list" time="0.135"><failure message="assert 401 == 200&#10; +  where 401 = &lt;Response [401]&gt;.status_code">tests/test_api_endpoints.py:344: in test_get_social_content_list
    assert response.status_code == 200
E   assert 401 == 200
E    +  where 401 = &lt;Response [401]&gt;.status_code</failure></testcase><testcase classname="tests.test_api_endpoints.TestTasks" name="test_create_task_and_verify" time="0.107"><failure message="assert 401 == 200&#10; +  where 401 = &lt;Response [401]&gt;.status_code">tests/test_api_endpoints.py:363: in test_create_task_and_verify
    assert response.status_code == 200
E   assert 401 == 200
E    +  where 401 = &lt;Response [401]&gt;.status_code</failure></testcase><testcase classname="tests.test_api_endpoints.TestTasks" name="test_get_all_tasks" time="0.111"><failure message="assert 401 == 200&#10; +  where 401 = &lt;Response [401]&gt;.status_code">tests/test_api_endpoints.py:384: in test_get_all_tasks
    assert response.status_code == 200
E   assert 401 == 200
E    +  where 401 = &lt;Response [401]&gt;.status_code</failure></testcase><testcase classname="tests.test_api_endpoints.TestTasks" name="test_update_task_status" time="0.093"><failure message="KeyError: 'id'">tests/test_api_endpoints.py:399: in test_update_task_status
    task_id = response.json()["id"]
              ^^^^^^^^^^^^^^^^^^^^^
E   KeyError: 'id'</failure></testcase><testcase classname="tests.test_api_endpoints.TestTasks" name="test_delete_task" time="0.091"><failure message="KeyError: 'id'">tests/test_api_endpoints.py:421: in test_delete_task
    task_id = response.json()["id"]
              ^^^^^^^^^^^^^^^^^^^^^
E   KeyError: 'id'</failure></testcase></testsuite></testsuites>