<?xml version="1.0" encoding="utf-8"?><testsuites name="pytest tests"><testsuite name="pytest" errors="0" failures="1" skipped="0" tests="23" time="36.901" timestamp="2026-04-13T06:53:48.036658+00:00" hostname="agent-env-479de6ae-9fff-418f-a69a-ddf13d0c8c5f"><testcase classname="tests.test_api_endpoints.TestHealth" name="test_root_endpoint" time="0.235" /><testcase classname="tests.test_api_endpoints.TestHealth" name="test_health_endpoint" time="0.137" /><testcase classname="tests.test_api_endpoints.TestDashboard" name="test_get_dashboard_metrics" time="0.132" /><testcase classname="tests.test_api_endpoints.TestAgents" name="test_get_all_agents" time="0.139" /><testcase classname="tests.test_api_endpoints.TestAgents" name="test_get_single_agent" time="0.174" /><testcase classname="tests.test_api_endpoints.TestAgents" name="test_get_nonexistent_agent" time="0.105" /><testcase classname="tests.test_api_endpoints.TestAgents" name="test_update_agent_toggle_active" time="0.224" /><testcase classname="tests.test_api_endpoints.TestAgents" name="test_update_agent_auto_execute" time="0.149" /><testcase classname="tests.test_api_endpoints.TestStores" name="test_get_stores_empty_or_list" time="0.107" /><testcase classname="tests.test_api_endpoints.TestStores" name="test_connect_store_and_verify" time="0.226" /><testcase classname="tests.test_api_endpoints.TestStores" name="test_disconnect_store" time="0.237" /><testcase classname="tests.test_api_endpoints.TestStores" name="test_disconnect_nonexistent_store" time="0.115" /><testcase classname="tests.test_api_endpoints.TestChat" name="test_chat_with_general_agent" time="9.190" /><testcase classname="tests.test_api_endpoints.TestChat" name="test_chat_with_store_manager_agent" time="16.593" /><testcase classname="tests.test_api_endpoints.TestChat" name="test_get_chat_history" time="3.012" /><testcase classname="tests.test_api_endpoints.TestChat" name="test_clear_chat_history" time="2.618" /><testcase classname="tests.test_api_endpoints.TestSocialContent" name="test_generate_instagram_content" time="2.189" /><testcase classname="tests.test_api_endpoints.TestSocialContent" name="test_generate_twitter_content" time="0.337"><failure message="assert 500 == 200&#10; +  where 500 = &lt;Response [500]&gt;.status_code">tests/test_api_endpoints.py:334: in test_generate_twitter_content
    assert response.status_code == 200
E   assert 500 == 200
E    +  where 500 = &lt;Response [500]&gt;.status_code</failure></testcase><testcase classname="tests.test_api_endpoints.TestSocialContent" name="test_get_social_content_list" time="0.102" /><testcase classname="tests.test_api_endpoints.TestTasks" name="test_create_task_and_verify" time="0.202" /><testcase classname="tests.test_api_endpoints.TestTasks" name="test_get_all_tasks" time="0.097" /><testcase classname="tests.test_api_endpoints.TestTasks" name="test_update_task_status" time="0.220" /><testcase classname="tests.test_api_endpoints.TestTasks" name="test_delete_task" time="0.201" /></testsuite></testsuites>